# JRE version: OpenJDK Runtime Environment (8.0_152-b01) (build 1.8.0_152-release-915-b01)
# Java VM: OpenJDK 64-Bit Server VM (25.152-b01 mixed mode windows-amd64 compressed oops)
Heap:
 PSYoungGen      total 141824K, used 129969K [0x00000000e0000000, 0x00000000ecb80000, 0x0000000100000000)
  eden space 131072K, 99% used [0x00000000e0000000,0x00000000e7eec5b0,0x00000000e8000000)
  from space 10752K, 0% used [0x00000000e8000000,0x00000000e8000000,0x00000000e8a80000)
  to   space 13824K, 0% used [0x00000000ebe00000,0x00000000ebe00000,0x00000000ecb80000)
 ParOldGen       total 110080K, used 17669K [0x00000000a0000000, 0x00000000a6b80000, 0x00000000e0000000)
  object space 110080K, 16% used [0x00000000a0000000,0x00000000a1141570,0x00000000a6b80000)
 Metaspace       used 46213K, capacity 47191K, committed 47360K, reserved 1089536K
  class space    used 6289K, capacity 6646K, committed 6656K, reserved 1048576K
GC Heap History (10 events):
Event: 2.682 GC heap before
{Heap before GC invocations=3 (full 0):
 PSYoungGen      total 141824K, used 42904K [0x00000000e0000000, 0x00000000e9500000, 0x0000000100000000)
  eden space 131072K, 24% used [0x00000000e0000000,0x00000000e1fba658,0x00000000e8000000)
  from space 10752K, 96% used [0x00000000e8a80000,0x00000000e94abca0,0x00000000e9500000)
  to   space 10752K, 0% used [0x00000000e8000000,0x00000000e8000000,0x00000000e8a80000)
 ParOldGen       total 175104K, used 16K [0x00000000a0000000, 0x00000000aab00000, 0x00000000e0000000)
  object space 175104K, 0% used [0x00000000a0000000,0x00000000a0004000,0x00000000aab00000)
 Metaspace       used 20854K, capacity 21224K, committed 21248K, reserved 1067008K
  class space    used 2920K, capacity 3061K, committed 3072K, reserved 1048576K
Event: 2.706 GC heap after
Heap after GC invocations=3 (full 0):
 PSYoungGen      total 141824K, used 9550K [0x00000000e0000000, 0x00000000e9500000, 0x0000000100000000)
  eden space 131072K, 0% used [0x00000000e0000000,0x00000000e0000000,0x00000000e8000000)
  from space 10752K, 88% used [0x00000000e8000000,0x00000000e8953b28,0x00000000e8a80000)
  to   space 10752K, 0% used [0x00000000e8a80000,0x00000000e8a80000,0x00000000e9500000)
 ParOldGen       total 175104K, used 16K [0x00000000a0000000, 0x00000000aab00000, 0x00000000e0000000)
  object space 175104K, 0% used [0x00000000a0000000,0x00000000a0004000,0x00000000aab00000)
 Metaspace       used 20854K, capacity 21224K, committed 21248K, reserved 1067008K
  class space    used 2920K, capacity 3061K, committed 3072K, reserved 1048576K
}
Event: 2.706 GC heap before
{Heap before GC invocations=4 (full 1):
 PSYoungGen      total 141824K, used 9550K [0x00000000e0000000, 0x00000000e9500000, 0x0000000100000000)
  eden space 131072K, 0% used [0x00000000e0000000,0x00000000e0000000,0x00000000e8000000)
  from space 10752K, 88% used [0x00000000e8000000,0x00000000e8953b28,0x00000000e8a80000)
  to   space 10752K, 0% used [0x00000000e8a80000,0x00000000e8a80000,0x00000000e9500000)
 ParOldGen       total 175104K, used 16K [0x00000000a0000000, 0x00000000aab00000, 0x00000000e0000000)
  object space 175104K, 0% used [0x00000000a0000000,0x00000000a0004000,0x00000000aab00000)
 Metaspace       used 20854K, capacity 21224K, committed 21248K, reserved 1067008K
  class space    used 2920K, capacity 3061K, committed 3072K, reserved 1048576K
Event: 2.798 GC heap after
Heap after GC invocations=4 (full 1):
 PSYoungGen      total 141824K, used 0K [0x00000000e0000000, 0x00000000e9500000, 0x0000000100000000)
  eden space 131072K, 0% used [0x00000000e0000000,0x00000000e0000000,0x00000000e8000000)
  from space 10752K, 0% used [0x00000000e8000000,0x00000000e8000000,0x00000000e8a80000)
  to   space 10752K, 0% used [0x00000000e8a80000,0x00000000e8a80000,0x00000000e9500000)
 ParOldGen       total 110080K, used 9334K [0x00000000a0000000, 0x00000000a6b80000, 0x00000000e0000000)
  object space 110080K, 8% used [0x00000000a0000000,0x00000000a091d948,0x00000000a6b80000)
 Metaspace       used 20854K, capacity 21224K, committed 21248K, reserved 1067008K
  class space    used 2920K, capacity 3061K, committed 3072K, reserved 1048576K
}
Event: 4.230 GC heap before
{Heap before GC invocations=5 (full 1):
 PSYoungGen      total 141824K, used 131072K [0x00000000e0000000, 0x00000000e9500000, 0x0000000100000000)
  eden space 131072K, 100% used [0x00000000e0000000,0x00000000e8000000,0x00000000e8000000)
  from space 10752K, 0% used [0x00000000e8000000,0x00000000e8000000,0x00000000e8a80000)
  to   space 10752K, 0% used [0x00000000e8a80000,0x00000000e8a80000,0x00000000e9500000)
 ParOldGen       total 110080K, used 9334K [0x00000000a0000000, 0x00000000a6b80000, 0x00000000e0000000)
  object space 110080K, 8% used [0x00000000a0000000,0x00000000a091d948,0x00000000a6b80000)
 Metaspace       used 30097K, capacity 30772K, committed 30976K, reserved 1075200K
  class space    used 4235K, capacity 4509K, committed 4608K, reserved 1048576K
Event: 4.241 GC heap after
Heap after GC invocations=5 (full 1):
 PSYoungGen      total 141824K, used 10749K [0x00000000e0000000, 0x00000000ecb00000, 0x0000000100000000)
  eden space 131072K, 0% used [0x00000000e0000000,0x00000000e0000000,0x00000000e8000000)
  from space 10752K, 99% used [0x00000000e8a80000,0x00000000e94ff700,0x00000000e9500000)
  to   space 10752K, 0% used [0x00000000e8000000,0x00000000e8000000,0x00000000e8a80000)
 ParOldGen       total 110080K, used 11718K [0x00000000a0000000, 0x00000000a6b80000, 0x00000000e0000000)
  object space 110080K, 10% used [0x00000000a0000000,0x00000000a0b71960,0x00000000a6b80000)
 Metaspace       used 30097K, capacity 30772K, committed 30976K, reserved 1075200K
  class space    used 4235K, capacity 4509K, committed 4608K, reserved 1048576K
}
Event: 5.439 GC heap before
{Heap before GC invocations=6 (full 1):
 PSYoungGen      total 141824K, used 87386K [0x00000000e0000000, 0x00000000ecb00000, 0x0000000100000000)
  eden space 131072K, 58% used [0x00000000e0000000,0x00000000e4ad71b0,0x00000000e8000000)
  from space 10752K, 99% used [0x00000000e8a80000,0x00000000e94ff700,0x00000000e9500000)
  to   space 10752K, 0% used [0x00000000e8000000,0x00000000e8000000,0x00000000e8a80000)
 ParOldGen       total 110080K, used 11718K [0x00000000a0000000, 0x00000000a6b80000, 0x00000000e0000000)
  object space 110080K, 10% used [0x00000000a0000000,0x00000000a0b71960,0x00000000a6b80000)
 Metaspace       used 34656K, capacity 35321K, committed 35416K, reserved 1079296K
  class space    used 4744K, capacity 5025K, committed 5120K, reserved 1048576K
Event: 5.449 GC heap after
Heap after GC invocations=6 (full 1):
 PSYoungGen      total 141824K, used 10745K [0x00000000e0000000, 0x00000000ecb80000, 0x0000000100000000)
  eden space 131072K, 0% used [0x00000000e0000000,0x00000000e0000000,0x00000000e8000000)
  from space 10752K, 99% used [0x00000000e8000000,0x00000000e8a7e4c0,0x00000000e8a80000)
  to   space 13824K, 0% used [0x00000000ebe00000,0x00000000ebe00000,0x00000000ecb80000)
 ParOldGen       total 110080K, used 12000K [0x00000000a0000000, 0x00000000a6b80000, 0x00000000e0000000)
  object space 110080K, 10% used [0x00000000a0000000,0x00000000a0bb8320,0x00000000a6b80000)
 Metaspace       used 34656K, capacity 35321K, committed 35416K, reserved 1079296K
  class space    used 4744K, capacity 5025K, committed 5120K, reserved 1048576K
}
Event: 5.449 GC heap before
{Heap before GC invocations=7 (full 2):
 PSYoungGen      total 141824K, used 10745K [0x00000000e0000000, 0x00000000ecb80000, 0x0000000100000000)
  eden space 131072K, 0% used [0x00000000e0000000,0x00000000e0000000,0x00000000e8000000)
  from space 10752K, 99% used [0x00000000e8000000,0x00000000e8a7e4c0,0x00000000e8a80000)
  to   space 13824K, 0% used [0x00000000ebe00000,0x00000000ebe00000,0x00000000ecb80000)
 ParOldGen       total 110080K, used 12000K [0x00000000a0000000, 0x00000000a6b80000, 0x00000000e0000000)
  object space 110080K, 10% used [0x00000000a0000000,0x00000000a0bb8320,0x00000000a6b80000)
 Metaspace       used 34656K, capacity 35321K, committed 35416K, reserved 1079296K
  class space    used 4744K, capacity 5025K, committed 5120K, reserved 1048576K
Event: 5.493 GC heap after
Heap after GC invocations=7 (full 2):
 PSYoungGen      total 141824K, used 0K [0x00000000e0000000, 0x00000000ecb80000, 0x0000000100000000)
  eden space 131072K, 0% used [0x00000000e0000000,0x00000000e0000000,0x00000000e8000000)
  from space 10752K, 0% used [0x00000000e8000000,0x00000000e8000000,0x00000000e8a80000)
  to   space 13824K, 0% used [0x00000000ebe00000,0x00000000ebe00000,0x00000000ecb80000)
 ParOldGen       total 110080K, used 17669K [0x00000000a0000000, 0x00000000a6b80000, 0x00000000e0000000)
  object space 110080K, 16% used [0x00000000a0000000,0x00000000a1141570,0x00000000a6b80000)
 Metaspace       used 34656K, capacity 35321K, committed 35416K, reserved 1079296K
  class space    used 4744K, capacity 5025K, committed 5120K, reserved 1048576K
}

