# JRE version: OpenJDK Runtime Environment (8.0_152-b01) (build 1.8.0_152-release-915-b01)
# Java VM: OpenJDK 64-Bit Server VM (25.152-b01 mixed mode windows-amd64 compressed oops)
Heap:
 PSYoungGen      total 116736K, used 66399K [0x00000000e0000000, 0x00000000e7e80000, 0x0000000100000000)
  eden space 104448K, 63% used [0x00000000e0000000,0x00000000e40d7f68,0x00000000e6600000)
  from space 12288K, 0% used [0x00000000e6680000,0x00000000e6680000,0x00000000e7280000)
  to   space 10240K, 0% used [0x00000000e7480000,0x00000000e7480000,0x00000000e7e80000)
 ParOldGen       total 131072K, used 15990K [0x00000000a0000000, 0x00000000a8000000, 0x00000000e0000000)
  object space 131072K, 12% used [0x00000000a0000000,0x00000000a0f9d880,0x00000000a8000000)
 Metaspace       used 39541K, capacity 40428K, committed 40832K, reserved 1085440K
  class space    used 5372K, capacity 5661K, committed 5760K, reserved 1048576K
GC Heap History (10 events):
Event: 3.445 GC heap before
{Heap before GC invocations=5 (full 1):
 PSYoungGen      total 76288K, used 65536K [0x00000000e0000000, 0x00000000e5500000, 0x0000000100000000)
  eden space 65536K, 100% used [0x00000000e0000000,0x00000000e4000000,0x00000000e4000000)
  from space 10752K, 0% used [0x00000000e4000000,0x00000000e4000000,0x00000000e4a80000)
  to   space 10752K, 0% used [0x00000000e4a80000,0x00000000e4a80000,0x00000000e5500000)
 ParOldGen       total 104448K, used 9332K [0x00000000a0000000, 0x00000000a6600000, 0x00000000e0000000)
  object space 104448K, 8% used [0x00000000a0000000,0x00000000a091d230,0x00000000a6600000)
 Metaspace       used 25905K, capacity 26326K, committed 26624K, reserved 1073152K
  class space    used 3606K, capacity 3752K, committed 3840K, reserved 1048576K
Event: 3.485 GC heap after
Heap after GC invocations=5 (full 1):
 PSYoungGen      total 76288K, used 6236K [0x00000000e0000000, 0x00000000e7e00000, 0x0000000100000000)
  eden space 65536K, 0% used [0x00000000e0000000,0x00000000e0000000,0x00000000e4000000)
  from space 10752K, 58% used [0x00000000e4a80000,0x00000000e50971c8,0x00000000e5500000)
  to   space 10752K, 0% used [0x00000000e4000000,0x00000000e4000000,0x00000000e4a80000)
 ParOldGen       total 104448K, used 9332K [0x00000000a0000000, 0x00000000a6600000, 0x00000000e0000000)
  object space 104448K, 8% used [0x00000000a0000000,0x00000000a091d230,0x00000000a6600000)
 Metaspace       used 25905K, capacity 26326K, committed 26624K, reserved 1073152K
  class space    used 3606K, capacity 3752K, committed 3840K, reserved 1048576K
}
Event: 4.277 GC heap before
{Heap before GC invocations=6 (full 1):
 PSYoungGen      total 76288K, used 71772K [0x00000000e0000000, 0x00000000e7e00000, 0x0000000100000000)
  eden space 65536K, 100% used [0x00000000e0000000,0x00000000e4000000,0x00000000e4000000)
  from space 10752K, 58% used [0x00000000e4a80000,0x00000000e50971c8,0x00000000e5500000)
  to   space 10752K, 0% used [0x00000000e4000000,0x00000000e4000000,0x00000000e4a80000)
 ParOldGen       total 104448K, used 9332K [0x00000000a0000000, 0x00000000a6600000, 0x00000000e0000000)
  object space 104448K, 8% used [0x00000000a0000000,0x00000000a091d230,0x00000000a6600000)
 Metaspace       used 30184K, capacity 30836K, committed 30976K, reserved 1075200K
  class space    used 4246K, capacity 4509K, committed 4608K, reserved 1048576K
Event: 4.299 GC heap after
Heap after GC invocations=6 (full 1):
 PSYoungGen      total 76288K, used 9740K [0x00000000e0000000, 0x00000000e8000000, 0x0000000100000000)
  eden space 65536K, 0% used [0x00000000e0000000,0x00000000e0000000,0x00000000e4000000)
  from space 10752K, 90% used [0x00000000e4000000,0x00000000e49833c8,0x00000000e4a80000)
  to   space 11776K, 0% used [0x00000000e7480000,0x00000000e7480000,0x00000000e8000000)
 ParOldGen       total 104448K, used 9340K [0x00000000a0000000, 0x00000000a6600000, 0x00000000e0000000)
  object space 104448K, 8% used [0x00000000a0000000,0x00000000a091f230,0x00000000a6600000)
 Metaspace       used 30184K, capacity 30836K, committed 30976K, reserved 1075200K
  class space    used 4246K, capacity 4509K, committed 4608K, reserved 1048576K
}
Event: 5.682 GC heap before
{Heap before GC invocations=7 (full 1):
 PSYoungGen      total 76288K, used 75276K [0x00000000e0000000, 0x00000000e8000000, 0x0000000100000000)
  eden space 65536K, 100% used [0x00000000e0000000,0x00000000e4000000,0x00000000e4000000)
  from space 10752K, 90% used [0x00000000e4000000,0x00000000e49833c8,0x00000000e4a80000)
  to   space 11776K, 0% used [0x00000000e7480000,0x00000000e7480000,0x00000000e8000000)
 ParOldGen       total 104448K, used 9340K [0x00000000a0000000, 0x00000000a6600000, 0x00000000e0000000)
  object space 104448K, 8% used [0x00000000a0000000,0x00000000a091f230,0x00000000a6600000)
 Metaspace       used 33616K, capacity 34350K, committed 34688K, reserved 1079296K
  class space    used 4627K, capacity 4913K, committed 4992K, reserved 1048576K
Event: 5.690 GC heap after
Heap after GC invocations=7 (full 1):
 PSYoungGen      total 114688K, used 9864K [0x00000000e0000000, 0x00000000e7e80000, 0x0000000100000000)
  eden space 104448K, 0% used [0x00000000e0000000,0x00000000e0000000,0x00000000e6600000)
  from space 10240K, 96% used [0x00000000e7480000,0x00000000e7e22060,0x00000000e7e80000)
  to   space 12288K, 0% used [0x00000000e6680000,0x00000000e6680000,0x00000000e7280000)
 ParOldGen       total 104448K, used 9420K [0x00000000a0000000, 0x00000000a6600000, 0x00000000e0000000)
  object space 104448K, 9% used [0x00000000a0000000,0x00000000a0933240,0x00000000a6600000)
 Metaspace       used 33616K, capacity 34350K, committed 34688K, reserved 1079296K
  class space    used 4627K, capacity 4913K, committed 4992K, reserved 1048576K
}
Event: 5.754 GC heap before
{Heap before GC invocations=8 (full 1):
 PSYoungGen      total 114688K, used 15178K [0x00000000e0000000, 0x00000000e7e80000, 0x0000000100000000)
  eden space 104448K, 5% used [0x00000000e0000000,0x00000000e0530b18,0x00000000e6600000)
  from space 10240K, 96% used [0x00000000e7480000,0x00000000e7e22060,0x00000000e7e80000)
  to   space 12288K, 0% used [0x00000000e6680000,0x00000000e6680000,0x00000000e7280000)
 ParOldGen       total 104448K, used 9420K [0x00000000a0000000, 0x00000000a6600000, 0x00000000e0000000)
  object space 104448K, 9% used [0x00000000a0000000,0x00000000a0933240,0x00000000a6600000)
 Metaspace       used 34573K, capacity 35320K, committed 35416K, reserved 1079296K
  class space    used 4737K, capacity 5024K, committed 5120K, reserved 1048576K
Event: 5.767 GC heap after
Heap after GC invocations=8 (full 1):
 PSYoungGen      total 116736K, used 9188K [0x00000000e0000000, 0x00000000e7e80000, 0x0000000100000000)
  eden space 104448K, 0% used [0x00000000e0000000,0x00000000e0000000,0x00000000e6600000)
  from space 12288K, 74% used [0x00000000e6680000,0x00000000e6f79238,0x00000000e7280000)
  to   space 10240K, 0% used [0x00000000e7480000,0x00000000e7480000,0x00000000e7e80000)
 ParOldGen       total 104448K, used 9428K [0x00000000a0000000, 0x00000000a6600000, 0x00000000e0000000)
  object space 104448K, 9% used [0x00000000a0000000,0x00000000a0935240,0x00000000a6600000)
 Metaspace       used 34573K, capacity 35320K, committed 35416K, reserved 1079296K
  class space    used 4737K, capacity 5024K, committed 5120K, reserved 1048576K
}
Event: 5.767 GC heap before
{Heap before GC invocations=9 (full 2):
 PSYoungGen      total 116736K, used 9188K [0x00000000e0000000, 0x00000000e7e80000, 0x0000000100000000)
  eden space 104448K, 0% used [0x00000000e0000000,0x00000000e0000000,0x00000000e6600000)
  from space 12288K, 74% used [0x00000000e6680000,0x00000000e6f79238,0x00000000e7280000)
  to   space 10240K, 0% used [0x00000000e7480000,0x00000000e7480000,0x00000000e7e80000)
 ParOldGen       total 104448K, used 9428K [0x00000000a0000000, 0x00000000a6600000, 0x00000000e0000000)
  object space 104448K, 9% used [0x00000000a0000000,0x00000000a0935240,0x00000000a6600000)
 Metaspace       used 34573K, capacity 35320K, committed 35416K, reserved 1079296K
  class space    used 4737K, capacity 5024K, committed 5120K, reserved 1048576K
Event: 5.815 GC heap after
Heap after GC invocations=9 (full 2):
 PSYoungGen      total 116736K, used 0K [0x00000000e0000000, 0x00000000e7e80000, 0x0000000100000000)
  eden space 104448K, 0% used [0x00000000e0000000,0x00000000e0000000,0x00000000e6600000)
  from space 12288K, 0% used [0x00000000e6680000,0x00000000e6680000,0x00000000e7280000)
  to   space 10240K, 0% used [0x00000000e7480000,0x00000000e7480000,0x00000000e7e80000)
 ParOldGen       total 131072K, used 15990K [0x00000000a0000000, 0x00000000a8000000, 0x00000000e0000000)
  object space 131072K, 12% used [0x00000000a0000000,0x00000000a0f9d880,0x00000000a8000000)
 Metaspace       used 34573K, capacity 35320K, committed 35416K, reserved 1079296K
  class space    used 4737K, capacity 5024K, committed 5120K, reserved 1048576K
}

